<?xml version="1.0" encoding="UTF-8"?>
<!-- Generated by org.testng.reporters.JUnitXMLReporter -->
<testsuite hostname="PFC" ignored="0" name="TestDemo" tests="2" failures="1" timestamp="31 Dec 2018 10:57:35 GMT" time="72.589" errors="0">
  <testcase name="loginPageTitleTest" time="0.031" classname="com.qa.testCases.LoginPageTest">
    <failure type="java.lang.AssertionError" message="Title does not match expected [Guru99 Bank Home Pag] but found [Guru99 Bank Home Page]">
      <![CDATA[java.lang.AssertionError: Title does not match expected [Guru99 Bank Home Pag] but found [Guru99 Bank Home Page]
at com.qa.testCases.LoginPageTest.loginPageTitleTest(LoginPageTest.java:30)
... Removed 30 stack frames]]>
    </failure>
  </testcase> <!-- loginPageTitleTest -->
  <testcase name="loginTest" time="12.654" classname="com.qa.testCases.LoginPageTest"/>
</testsuite> <!-- TestDemo -->
